<?xml version="1.0" encoding="UTF-8"?>
<!-- Generated by org.testng.reporters.JUnitReportReporter -->
<testsuite hostname="DESKTOP-DCL6FDU" failures="0" tests="1" name="webbasic.smoke" time="27.443" errors="0" timestamp="13 Nov 2018 16:38:15 GMT" skipped="0">
  <testcase classname="webbasic.smoke" name="f" time="27.443"/>
</testsuite> <!-- webbasic.smoke -->
