<?xml version="1.0" encoding="UTF-8"?>
<!-- Generated by org.testng.reporters.JUnitReportReporter -->
<testsuite hostname="DESKTOP-DCL6FDU" failures="0" tests="2" name="webbasic.SmokeTest" time="57.051" errors="0" timestamp="15 Nov 2018 18:02:01 GMT" skipped="0">
  <testcase classname="webbasic.SmokeTest" name="assertExistingObject" time="17.862"/>
  <testcase classname="webbasic.SmokeTest" name="assertCreateObject" time="39.189"/>
</testsuite> <!-- webbasic.SmokeTest -->
