<?xml version="1.0" encoding="UTF-8"?>
<!-- Generated by org.testng.reporters.JUnitReportReporter -->
<testsuite hostname="DESKTOP-DCL6FDU" failures="0" tests="2" name="webbasic.SmokeTest" time="42.275" errors="0" timestamp="18 Nov 2018 17:31:40 GMT" skipped="0">
  <testcase classname="webbasic.SmokeTest" name="assertCreateObject" time="29.091"/>
  <testcase classname="webbasic.SmokeTest" name="assertExistingObject" time="13.184"/>
</testsuite> <!-- webbasic.SmokeTest -->
