<?xml version="1.0" encoding="UTF-8"?>
<!-- Generated by org.testng.reporters.JUnitReportReporter -->
<testsuite hostname="DESKTOP-DCL6FDU" failures="0" tests="1" name="webbasic.SmokeTest" time="17.063" errors="0" timestamp="27 Nov 2018 18:12:14 GMT" skipped="0">
  <testcase classname="webbasic.SmokeTest" name="assertScrollingAfterSearch" time="17.063"/>
</testsuite> <!-- webbasic.SmokeTest -->
